# JRE version: OpenJDK Runtime Environment Corretto-17.0.13.11.1 (17.0.13+11) (build 17.0.13+11-LTS)
# Java VM: OpenJDK 64-Bit Server VM Corretto-17.0.13.11.1 (17.0.13+11-LTS, mixed mode, sharing, tiered, compressed oops, compressed class ptrs, g1 gc, windows-amd64)
GC Precious Log:
 CPUs: 8 total, 8 available
 Memory: 16126M
 Large Page Support: Disabled
 NUMA Support: Disabled
 Compressed Oops: Enabled (Zero based)
 Heap Region Size: 2M
 Heap Min Capacity: 8M
 Heap Initial Capacity: 252M
 Heap Max Capacity: 4032M
 Pre-touch: Disabled
 Parallel Workers: 8
 Concurrent Workers: 2
 Concurrent Refinement Workers: 8
 Periodic GC: Disabled
Heap:
 garbage-first heap   total 190464K, used 86490K [0x0000000704000000, 0x0000000800000000)
  region size 2048K, 1 young (2048K), 1 survivors (2048K)
 Metaspace       used 35033K, committed 35456K, reserved 1114112K
  class space    used 3839K, committed 4032K, reserved 1048576K
GC Heap History (20 events):
Event: 21.561 GC heap after
{Heap after GC invocations=8 (full 0):
 garbage-first heap   total 110592K, used 53248K [0x0000000704000000, 0x0000000800000000)
  region size 2048K, 2 young (4096K), 2 survivors (4096K)
 Metaspace       used 27707K, committed 28032K, reserved 1114112K
  class space    used 3110K, committed 3264K, reserved 1048576K
}
Event: 22.298 GC heap before
{Heap before GC invocations=8 (full 0):
 garbage-first heap   total 110592K, used 79872K [0x0000000704000000, 0x0000000800000000)
  region size 2048K, 16 young (32768K), 2 survivors (4096K)
 Metaspace       used 29141K, committed 29504K, reserved 1114112K
  class space    used 3269K, committed 3456K, reserved 1048576K
}
Event: 22.307 GC heap after
{Heap after GC invocations=9 (full 0):
 garbage-first heap   total 110592K, used 55296K [0x0000000704000000, 0x0000000800000000)
  region size 2048K, 1 young (2048K), 1 survivors (2048K)
 Metaspace       used 29141K, committed 29504K, reserved 1114112K
  class space    used 3269K, committed 3456K, reserved 1048576K
}
Event: 22.842 GC heap before
{Heap before GC invocations=9 (full 0):
 garbage-first heap   total 110592K, used 81920K [0x0000000704000000, 0x0000000800000000)
  region size 2048K, 15 young (30720K), 1 survivors (2048K)
 Metaspace       used 30308K, committed 30720K, reserved 1114112K
  class space    used 3395K, committed 3584K, reserved 1048576K
}
Event: 22.859 GC heap after
{Heap after GC invocations=10 (full 0):
 garbage-first heap   total 188416K, used 55977K [0x0000000704000000, 0x0000000800000000)
  region size 2048K, 2 young (4096K), 2 survivors (4096K)
 Metaspace       used 30308K, committed 30720K, reserved 1114112K
  class space    used 3395K, committed 3584K, reserved 1048576K
}
Event: 23.375 GC heap before
{Heap before GC invocations=11 (full 0):
 garbage-first heap   total 188416K, used 135849K [0x0000000704000000, 0x0000000800000000)
  region size 2048K, 41 young (83968K), 2 survivors (4096K)
 Metaspace       used 30821K, committed 31168K, reserved 1114112K
  class space    used 3427K, committed 3584K, reserved 1048576K
}
Event: 23.384 GC heap after
{Heap after GC invocations=12 (full 0):
 garbage-first heap   total 188416K, used 59180K [0x0000000704000000, 0x0000000800000000)
  region size 2048K, 3 young (6144K), 3 survivors (6144K)
 Metaspace       used 30821K, committed 31168K, reserved 1114112K
  class space    used 3427K, committed 3584K, reserved 1048576K
}
Event: 23.703 GC heap before
{Heap before GC invocations=12 (full 0):
 garbage-first heap   total 188416K, used 141100K [0x0000000704000000, 0x0000000800000000)
  region size 2048K, 43 young (88064K), 3 survivors (6144K)
 Metaspace       used 31019K, committed 31424K, reserved 1114112K
  class space    used 3429K, committed 3584K, reserved 1048576K
}
Event: 23.712 GC heap after
{Heap after GC invocations=13 (full 0):
 garbage-first heap   total 188416K, used 60103K [0x0000000704000000, 0x0000000800000000)
  region size 2048K, 4 young (8192K), 4 survivors (8192K)
 Metaspace       used 31019K, committed 31424K, reserved 1114112K
  class space    used 3429K, committed 3584K, reserved 1048576K
}
Event: 26.733 GC heap before
{Heap before GC invocations=13 (full 0):
 garbage-first heap   total 188416K, used 146119K [0x0000000704000000, 0x0000000800000000)
  region size 2048K, 45 young (92160K), 4 survivors (8192K)
 Metaspace       used 33253K, committed 33664K, reserved 1114112K
  class space    used 3653K, committed 3840K, reserved 1048576K
}
Event: 26.748 GC heap after
{Heap after GC invocations=14 (full 0):
 garbage-first heap   total 188416K, used 69313K [0x0000000704000000, 0x0000000800000000)
  region size 2048K, 6 young (12288K), 6 survivors (12288K)
 Metaspace       used 33253K, committed 33664K, reserved 1114112K
  class space    used 3653K, committed 3840K, reserved 1048576K
}
Event: 29.541 GC heap before
{Heap before GC invocations=14 (full 0):
 garbage-first heap   total 188416K, used 149185K [0x0000000704000000, 0x0000000800000000)
  region size 2048K, 43 young (88064K), 6 survivors (12288K)
 Metaspace       used 33347K, committed 33728K, reserved 1114112K
  class space    used 3657K, committed 3840K, reserved 1048576K
}
Event: 29.564 GC heap after
{Heap after GC invocations=15 (full 0):
 garbage-first heap   total 190464K, used 100931K [0x0000000704000000, 0x0000000800000000)
  region size 2048K, 6 young (12288K), 6 survivors (12288K)
 Metaspace       used 33347K, committed 33728K, reserved 1114112K
  class space    used 3657K, committed 3840K, reserved 1048576K
}
Event: 30.947 GC heap before
{Heap before GC invocations=15 (full 0):
 garbage-first heap   total 190464K, used 141891K [0x0000000704000000, 0x0000000800000000)
  region size 2048K, 27 young (55296K), 6 survivors (12288K)
 Metaspace       used 34271K, committed 34688K, reserved 1114112K
  class space    used 3768K, committed 3968K, reserved 1048576K
}
Event: 30.960 GC heap after
{Heap after GC invocations=16 (full 0):
 garbage-first heap   total 190464K, used 107985K [0x0000000704000000, 0x0000000800000000)
  region size 2048K, 3 young (6144K), 3 survivors (6144K)
 Metaspace       used 34271K, committed 34688K, reserved 1114112K
  class space    used 3768K, committed 3968K, reserved 1048576K
}
Event: 31.299 GC heap before
{Heap before GC invocations=17 (full 0):
 garbage-first heap   total 190464K, used 144849K [0x0000000704000000, 0x0000000800000000)
  region size 2048K, 22 young (45056K), 3 survivors (6144K)
 Metaspace       used 34911K, committed 35328K, reserved 1114112K
  class space    used 3829K, committed 4032K, reserved 1048576K
}
Event: 31.304 GC heap after
{Heap after GC invocations=18 (full 0):
 garbage-first heap   total 190464K, used 108867K [0x0000000704000000, 0x0000000800000000)
  region size 2048K, 1 young (2048K), 1 survivors (2048K)
 Metaspace       used 34911K, committed 35328K, reserved 1114112K
  class space    used 3829K, committed 4032K, reserved 1048576K
}
Event: 31.351 GC heap before
{Heap before GC invocations=18 (full 0):
 garbage-first heap   total 190464K, used 112963K [0x0000000704000000, 0x0000000800000000)
  region size 2048K, 4 young (8192K), 1 survivors (2048K)
 Metaspace       used 34944K, committed 35328K, reserved 1114112K
  class space    used 3833K, committed 4032K, reserved 1048576K
}
Event: 31.358 GC heap after
{Heap after GC invocations=19 (full 0):
 garbage-first heap   total 190464K, used 90922K [0x0000000704000000, 0x0000000800000000)
  region size 2048K, 1 young (2048K), 1 survivors (2048K)
 Metaspace       used 34944K, committed 35328K, reserved 1114112K
  class space    used 3833K, committed 4032K, reserved 1048576K
}
Event: 31.423 GC heap before
{Heap before GC invocations=19 (full 0):
 garbage-first heap   total 190464K, used 97066K [0x0000000704000000, 0x0000000800000000)
  region size 2048K, 4 young (8192K), 1 survivors (2048K)
 Metaspace       used 35033K, committed 35456K, reserved 1114112K
  class space    used 3839K, committed 4032K, reserved 1048576K
}

